\BOOKMARK [0][-]{chapter*.1}{\376\377\000D\000\351\000c\000l\000a\000r\000a\000t\000i\000o\000n}{}% 1
\BOOKMARK [0][-]{chapter*.2}{\376\377\000R\000e\000m\000e\000r\000c\000i\000e\000m\000e\000n\000t\000s}{}% 2
\BOOKMARK [0][-]{chapter*.3}{\376\377\000R\000\351\000s\000u\000m\000\351}{}% 3
\BOOKMARK [0][-]{chapter*.7}{\376\377\000L\000i\000s\000t\000e\000\040\000d\000e\000s\000\040\000A\000b\000r\000\351\000v\000i\000a\000t\000i\000o\000n\000s}{}% 4
\BOOKMARK [0][-]{section*.10}{\376\377\000I\000n\000t\000r\000o\000d\000u\000c\000t\000i\000o\000n}{}% 5
\BOOKMARK [1][-]{section.0.1}{\376\377\000C\000o\000n\000t\000e\000x\000t\000e\000\040\000g\000\351\000n\000\351\000r\000a\000l}{section*.10}% 6
\BOOKMARK [1][-]{section.0.2}{\376\377\000S\000o\000l\000u\000t\000i\000o\000n\000\040\000p\000r\000o\000p\000o\000s\000\351\000e}{section*.10}% 7
\BOOKMARK [0][-]{chapter.1}{\376\377\000C\000a\000d\000r\000e\000\040\000g\000\351\000n\000\351\000r\000a\000l\000\040\000d\000u\000\040\000p\000r\000o\000j\000e\000t\000\040\000e\000t\000\040\000\351\000t\000a\000t\000\040\000d\000e\000\040\000l\040\031\000a\000r\000t}{}% 8
\BOOKMARK [1][-]{section.1.1}{\376\377\000I\000n\000t\000r\000o\000d\000u\000c\000t\000i\000o\000n}{chapter.1}% 9
\BOOKMARK [1][-]{section.1.2}{\376\377\000C\000a\000d\000r\000e\000\040\000g\000\351\000n\000\351\000r\000a\000l}{chapter.1}% 10
\BOOKMARK [1][-]{section.1.3}{\376\377\000P\000r\000\351\000s\000e\000n\000t\000a\000t\000i\000o\000n\000\040\000d\000e\000\040\000l\040\031\000o\000r\000g\000a\000n\000i\000s\000m\000e\000\040\000d\040\031\000a\000c\000c\000u\000e\000i\000l}{chapter.1}% 11
\BOOKMARK [2][-]{subsection.1.3.1}{\376\377\000P\000r\000\351\000s\000e\000n\000t\000a\000t\000i\000o\000n\000\040\000d\000e\000\040\000l\040\031\000e\000n\000t\000r\000e\000p\000r\000i\000s\000e}{section.1.3}% 12
\BOOKMARK [2][-]{subsection.1.3.2}{\376\377\000\040\000E\000n\000c\000a\000d\000r\000e\000m\000e\000n\000t\000\040\000d\000u\000\040\000p\000r\000o\000j\000e\000t}{section.1.3}% 13
\BOOKMARK [1][-]{section.1.4}{\376\377\000P\000r\000\351\000s\000e\000n\000t\000a\000t\000i\000o\000n\000\040\000d\000u\000\040\000p\000r\000o\000j\000e\000t}{chapter.1}% 14
\BOOKMARK [2][-]{subsection.1.4.1}{\376\377\000C\000o\000n\000t\000e\000x\000t\000e\000\040\000d\000u\000\040\000p\000r\000o\000j\000e\000t}{section.1.4}% 15
\BOOKMARK [2][-]{subsection.1.4.2}{\376\377\000P\000r\000o\000b\000l\000\351\000m\000a\000t\000i\000q\000u\000e}{section.1.4}% 16
\BOOKMARK [1][-]{section.1.5}{\376\377\000S\000o\000l\000u\000t\000i\000o\000n\000\040\000p\000r\000o\000p\000o\000s\000\351\000e}{chapter.1}% 17
\BOOKMARK [2][-]{subsection.1.5.1}{\376\377\000O\000b\000j\000e\000c\000t\000i\000f\000s\000\040\000d\000u\000\040\000p\000r\000o\000j\000e\000t}{section.1.5}% 18
\BOOKMARK [2][-]{subsection.1.5.2}{\376\377\000D\000\351\000f\000i\000s\000\040\000t\000e\000c\000h\000n\000i\000q\000u\000e\000s}{section.1.5}% 19
\BOOKMARK [2][-]{subsection.1.5.3}{\376\377\000S\000o\000l\000u\000t\000i\000o\000n\000s\000\040\000e\000x\000i\000s\000t\000a\000n\000t\000e\000s}{section.1.5}% 20
\BOOKMARK [2][-]{subsection.1.5.4}{\376\377\000A\000n\000a\000l\000y\000s\000e\000\040\000c\000o\000m\000p\000a\000r\000a\000t\000i\000v\000e\000\040\000d\000e\000s\000\040\000s\000o\000l\000u\000t\000i\000o\000n\000s\000\040\000e\000x\000i\000s\000t\000a\000n\000t\000e\000s}{section.1.5}% 21
\BOOKMARK [2][-]{subsection.1.5.5}{\376\377\000B\000i\000l\000a\000n\000\040\000e\000t\000\040\000p\000o\000s\000i\000t\000i\000o\000n\000n\000e\000m\000e\000n\000t\000\040\000d\000e\000\040\000S\000m\000a\000r\000t\000P\000l\000a\000y}{section.1.5}% 22
\BOOKMARK [1][-]{section.1.6}{\376\377\000M\000\351\000t\000h\000o\000d\000o\000l\000o\000g\000i\000e\000\040\000d\000e\000\040\000t\000r\000a\000v\000a\000i\000l}{chapter.1}% 23
\BOOKMARK [2][-]{subsection.1.6.1}{\376\377\000O\000r\000g\000a\000n\000i\000s\000a\000t\000i\000o\000n\000\040\000d\000e\000\040\000l\000a\000\040\000m\000\351\000t\000h\000o\000d\000o\000l\000o\000g\000i\000e\000\040\000a\000d\000o\000p\000t\000\351\000e}{section.1.6}% 24
\BOOKMARK [2][-]{subsection.1.6.2}{\376\377\000D\000a\000i\000l\000y\000\040\000U\000p\000d\000a\000t\000e}{section.1.6}% 25
\BOOKMARK [2][-]{subsection.1.6.3}{\376\377\000W\000e\000e\000k\000l\000y\000\040\000M\000e\000e\000t\000i\000n\000g}{section.1.6}% 26
\BOOKMARK [2][-]{subsection.1.6.4}{\376\377\000P\000l\000a\000n\000i\000f\000i\000c\000a\000t\000i\000o\000n\000\040\000d\000e\000s\000\040\000s\000p\000r\000i\000n\000t\000s}{section.1.6}% 27
\BOOKMARK [2][-]{subsection.1.6.5}{\376\377\000D\000\351\000r\000o\000u\000l\000e\000m\000e\000n\000t\000\040\000d\040\031\000u\000n\000\040\000s\000p\000r\000i\000n\000t}{section.1.6}% 28
\BOOKMARK [2][-]{subsection.1.6.6}{\376\377\000A\000v\000a\000n\000t\000a\000g\000e\000s\000\040\000d\000e\000\040\000l\000a\000\040\000m\000\351\000t\000h\000o\000d\000o\000l\000o\000g\000i\000e\000\040\000a\000d\000o\000p\000t\000\351\000e}{section.1.6}% 29
\BOOKMARK [1][-]{section.1.7}{\376\377\000T\000e\000c\000h\000n\000o\000l\000o\000g\000i\000e\000s\000\040\000u\000t\000i\000l\000i\000s\000\351\000e\000s}{chapter.1}% 30
\BOOKMARK [2][-]{subsection.1.7.1}{\376\377\000I\000n\000t\000e\000r\000f\000a\000c\000e\000\040\000u\000t\000i\000l\000i\000s\000a\000t\000e\000u\000r}{section.1.7}% 31
\BOOKMARK [2][-]{subsection.1.7.2}{\376\377\000V\000i\000s\000i\000o\000n\000\040\000p\000a\000r\000\040\000o\000r\000d\000i\000n\000a\000t\000e\000u\000r}{section.1.7}% 32
\BOOKMARK [2][-]{subsection.1.7.3}{\376\377\000A\000n\000a\000l\000y\000s\000e\000\040\000d\000e\000\040\000d\000o\000n\000n\000\351\000e\000s}{section.1.7}% 33
\BOOKMARK [2][-]{subsection.1.7.4}{\376\377\000I\000n\000t\000e\000l\000l\000i\000g\000e\000n\000c\000e\000\040\000a\000r\000t\000i\000f\000i\000c\000i\000e\000l\000l\000e}{section.1.7}% 34
\BOOKMARK [2][-]{subsection.1.7.5}{\376\377\000I\000n\000f\000r\000a\000s\000t\000r\000u\000c\000t\000u\000r\000e\000\040\000e\000t\000\040\000d\000\351\000p\000l\000o\000i\000e\000m\000e\000n\000t}{section.1.7}% 35
\BOOKMARK [2][-]{subsection.1.7.6}{\376\377\000F\000i\000c\000h\000e\000\040\000t\000e\000c\000h\000n\000i\000q\000u\000e\000\040\000s\000y\000n\000t\000h\000\351\000t\000i\000q\000u\000e}{section.1.7}% 36
\BOOKMARK [1][-]{section.1.8}{\376\377\000C\000o\000n\000c\000l\000u\000s\000i\000o\000n}{chapter.1}% 37
\BOOKMARK [0][-]{chapter.2}{\376\377\000A\000r\000c\000h\000i\000t\000e\000c\000t\000u\000r\000e\000\040\000d\000e\000\040\000l\000a\000\040\000s\000o\000l\000u\000t\000i\000o\000n}{}% 38
\BOOKMARK [1][-]{section.2.1}{\376\377\000I\000n\000t\000r\000o\000d\000u\000c\000t\000i\000o\000n}{chapter.2}% 39
\BOOKMARK [1][-]{section.2.2}{\376\377\000A\000r\000c\000h\000i\000t\000e\000c\000t\000u\000r\000e\000\040\000g\000\351\000n\000\351\000r\000a\000l\000e\000\040\000d\000u\000\040\000s\000y\000s\000t\000\350\000m\000e}{chapter.2}% 40
\BOOKMARK [2][-]{subsection.2.2.1}{\376\377\000V\000u\000e\000\040\000e\000x\000t\000e\000r\000n\000e\000\040\000d\000u\000\040\000s\000y\000s\000t\000\350\000m\000e\000\040\000\050\000b\000o\000\356\000t\000e\000\040\000n\000o\000i\000r\000e\000\051}{section.2.2}% 41
\BOOKMARK [2][-]{subsection.2.2.2}{\376\377\000V\000u\000e\000\040\000i\000n\000t\000e\000r\000n\000e\000\040\000d\000u\000\040\000s\000y\000s\000t\000\350\000m\000e\000\040\000\050\000b\000o\000\356\000t\000e\000\040\000b\000l\000a\000n\000c\000h\000e\000\051}{section.2.2}% 42
\BOOKMARK [2][-]{subsection.2.2.3}{\376\377\000C\000o\000m\000p\000o\000s\000a\000n\000t\000s\000\040\000p\000r\000i\000n\000c\000i\000p\000a\000u\000x}{section.2.2}% 43
\BOOKMARK [2][-]{subsection.2.2.4}{\376\377\000F\000l\000u\000x\000\040\000d\000e\000\040\000d\000o\000n\000n\000\351\000e\000s\000\040\000e\000t\000\040\000i\000n\000t\000\351\000g\000r\000a\000t\000i\000o\000n\000\040\000d\000e\000s\000\040\000m\000o\000d\000u\000l\000e\000s}{section.2.2}% 44
\BOOKMARK [2][-]{subsection.2.2.5}{\376\377\000D\000\351\000t\000e\000c\000t\000i\000o\000n\000\040\000d\000u\000\040\000T\000e\000r\000r\000a\000i\000n}{section.2.2}% 45
\BOOKMARK [1][-]{section.2.3}{\376\377\000S\000u\000i\000v\000i\000\040\000d\000e\000\040\000l\000a\000\040\000B\000a\000l\000l\000e\000\040\000p\000a\000r\000\040\000R\000\351\000s\000e\000a\000u\000\040\000C\000o\000n\000v\000o\000l\000u\000t\000i\000f\000\040\000T\000e\000m\000p\000o\000r\000e\000l}{chapter.2}% 46
\BOOKMARK [2][-]{subsection.2.3.1}{\376\377\000M\000o\000t\000i\000v\000a\000t\000i\000o\000n\000\040\000e\000t\000\040\000C\000h\000o\000i\000x\000\040\000A\000r\000c\000h\000i\000t\000e\000c\000t\000u\000r\000a\000l}{section.2.3}% 47
\BOOKMARK [2][-]{subsection.2.3.2}{\376\377\000P\000i\000p\000e\000l\000i\000n\000e\000\040\000d\000e\000\040\000T\000r\000a\000i\000t\000e\000m\000e\000n\000t}{section.2.3}% 48
\BOOKMARK [2][-]{subsection.2.3.3}{\376\377\000S\000o\000r\000t\000i\000e\000s\000\040\000f\000i\000n\000a\000l\000e\000s\000\040\000d\000u\000\040\000m\000o\000d\000u\000l\000e\000\040\000B\000a\000l\000l\000T\000r\000a\000c\000k\000e\000r}{section.2.3}% 49
\BOOKMARK [2][-]{subsection.2.3.4}{\376\377\000P\000e\000r\000s\000p\000e\000c\000t\000i\000v\000e\000s\000\040\000d\000'\000a\000m\000\351\000l\000i\000o\000r\000a\000t\000i\000o\000n}{section.2.3}% 50
\BOOKMARK [2][-]{subsection.2.3.5}{\376\377\000S\000y\000n\000t\000h\000\350\000s\000e}{section.2.3}% 51
\BOOKMARK [1][-]{section.2.4}{\376\377\000S\000u\000i\000v\000i\000\040\000d\000e\000s\000\040\000J\000o\000u\000e\000u\000r\000s}{chapter.2}% 52
\BOOKMARK [2][-]{subsection.2.4.1}{\376\377\000V\000u\000e\000\040\000d\000'\000e\000n\000s\000e\000m\000b\000l\000e\000\040\000e\000t\000\040\000p\000o\000s\000i\000t\000i\000o\000n\000n\000e\000m\000e\000n\000t\000\040\000d\000a\000n\000s\000\040\000l\000e\000\040\000p\000i\000p\000e\000l\000i\000n\000e}{section.2.4}% 53
\BOOKMARK [2][-]{subsection.2.4.2}{\376\377\000C\000o\000n\000v\000e\000r\000s\000i\000o\000n\000\040\000B\000G\000R\000\040\000-\000>\000\040\000R\000G\000B}{section.2.4}% 54
\BOOKMARK [2][-]{subsection.2.4.3}{\376\377\000D\000\351\000t\000e\000c\000t\000i\000o\000n\000\040\000p\000a\000r\000\040\000Y\000O\000L\000O\0002\0006\000\040\000f\000i\000n\000e\000-\000t\000u\000n\000\351}{section.2.4}% 55
\BOOKMARK [2][-]{subsection.2.4.4}{\376\377\000F\000i\000l\000t\000r\000a\000g\000e\000\040\000s\000p\000a\000t\000i\000a\000l\000\040\000p\000a\000r\000\040\000z\000o\000n\000e\000\040\000p\000o\000l\000y\000g\000o\000n\000a\000l\000e}{section.2.4}% 56
\BOOKMARK [2][-]{subsection.2.4.5}{\376\377\000R\000o\000b\000u\000s\000t\000e\000s\000s\000e\000\040\000a\000u\000x\000\040\000s\000i\000t\000u\000a\000t\000i\000o\000n\000s\000\040\000c\000r\000i\000t\000i\000q\000u\000e\000s}{section.2.4}% 57
\BOOKMARK [2][-]{subsection.2.4.6}{\376\377\000E\000x\000t\000e\000n\000s\000i\000o\000n\000\040\000p\000a\000r\000\040\000s\000e\000g\000m\000e\000n\000t\000a\000t\000i\000o\000n\000\040\000a\000u\000\040\000n\000i\000v\000e\000a\000u\000\040\000p\000i\000x\000e\000l}{section.2.4}% 58
\BOOKMARK [2][-]{subsection.2.4.7}{\376\377\000S\000y\000n\000t\000h\000\350\000s\000e}{section.2.4}% 59
\BOOKMARK [1][-]{section.2.5}{\376\377\000M\000o\000d\000\350\000l\000e\000\040\000d\000'\000E\000s\000t\000i\000m\000a\000t\000i\000o\000n\000\040\000d\000e\000s\000\040\000P\000o\000i\000n\000t\000s\000\040\000C\000l\000\351\000s\000\040\000d\000e\000s\000\040\000J\000o\000u\000e\000u\000r\000s}{chapter.2}% 60
\BOOKMARK [2][-]{subsection.2.5.1}{\376\377\000I\000n\000t\000r\000o\000d\000u\000c\000t\000i\000o\000n}{section.2.5}% 61
\BOOKMARK [2][-]{subsection.2.5.2}{\376\377\000A\000r\000c\000h\000i\000t\000e\000c\000t\000u\000r\000e\000\040\000d\000u\000\040\000M\000o\000d\000\350\000l\000e\000\040\000Y\000O\000L\000O\000v\0008\000-\000P\000o\000s\000e}{section.2.5}% 62
\BOOKMARK [2][-]{subsection.2.5.3}{\376\377\000E\000s\000t\000i\000m\000a\000t\000i\000o\000n\000\040\000d\000e\000s\000\040\000P\000o\000i\000n\000t\000s\000\040\000C\000l\000\351\000s}{section.2.5}% 63
\BOOKMARK [2][-]{subsection.2.5.4}{\376\377\000P\000i\000p\000e\000l\000i\000n\000e\000\040\000d\040\031\000I\000n\000f\000\351\000r\000e\000n\000c\000e}{section.2.5}% 64
\BOOKMARK [2][-]{subsection.2.5.5}{\376\377\000A\000d\000a\000p\000t\000a\000t\000i\000o\000n\000\040\000a\000u\000\040\000C\000o\000n\000t\000e\000x\000t\000e\000\040\000d\000u\000\040\000P\000a\000d\000e\000l}{section.2.5}% 65
\BOOKMARK [2][-]{subsection.2.5.6}{\376\377\000A\000p\000p\000l\000i\000c\000a\000t\000i\000o\000n\000s\000\040\000d\000a\000n\000s\000\040\000S\000m\000a\000r\000t\000P\000l\000a\000y}{section.2.5}% 66
\BOOKMARK [2][-]{subsection.2.5.7}{\376\377\000C\000o\000n\000c\000l\000u\000s\000i\000o\000n}{section.2.5}% 67
\BOOKMARK [1][-]{section.2.6}{\376\377\000M\000o\000d\000u\000l\000e\000\040\000d\000'\000a\000n\000a\000l\000y\000s\000e\000\040\000b\000i\000o\000m\000\351\000c\000a\000n\000i\000q\000u\000e\000\040\000:\000\040\000D\000a\000t\000a\000A\000n\000a\000l\000y\000t\000i\000c\000s}{chapter.2}% 68
\BOOKMARK [2][-]{subsection.2.6.1}{\376\377\000V\000u\000e\000\040\000d\000'\000e\000n\000s\000e\000m\000b\000l\000e\000\040\000e\000t\000\040\000p\000o\000s\000i\000t\000i\000o\000n\000n\000e\000m\000e\000n\000t\000\040\000d\000a\000n\000s\000\040\000l\000e\000\040\000p\000i\000p\000e\000l\000i\000n\000e}{section.2.6}% 69
\BOOKMARK [2][-]{subsection.2.6.2}{\376\377\000S\000t\000r\000u\000c\000t\000u\000r\000e\000\040\000d\000u\000\040\000r\000\351\000f\000\351\000r\000e\000n\000t\000i\000e\000l\000\040\000d\000e\000\040\000c\000o\000o\000r\000d\000o\000n\000n\000\351\000e\000s}{section.2.6}% 70
\BOOKMARK [2][-]{subsection.2.6.3}{\376\377\000C\000o\000l\000l\000e\000c\000t\000e\000\040\000d\000e\000s\000\040\000p\000o\000s\000i\000t\000i\000o\000n\000s\000\040\000:\000\040\000p\000r\000o\000j\000e\000c\000t\000i\000o\000n\000\040\000h\000o\000m\000o\000g\000r\000a\000p\000h\000i\000q\000u\000e\000\040\000e\000t\000\040\000c\000o\000n\000v\000e\000r\000s\000i\000o\000n\000\040\000m\000\351\000t\000r\000i\000q\000u\000e}{section.2.6}% 71
\BOOKMARK [2][-]{subsection.2.6.4}{\376\377\000C\000o\000n\000s\000t\000r\000u\000c\000t\000i\000o\000n\000\040\000d\000u\000\040\000D\000a\000t\000a\000F\000r\000a\000m\000e}{section.2.6}% 72
\BOOKMARK [2][-]{subsection.2.6.5}{\376\377\000P\000i\000p\000e\000l\000i\000n\000e\000\040\000d\000e\000\040\000c\000a\000l\000c\000u\000l\000\040\000c\000i\000n\000\351\000m\000a\000t\000i\000q\000u\000e}{section.2.6}% 73
\BOOKMARK [2][-]{subsection.2.6.6}{\376\377\000S\000t\000r\000u\000c\000t\000u\000r\000e\000\040\000c\000o\000m\000p\000l\000\350\000t\000e\000\040\000d\000u\000\040\000D\000a\000t\000a\000F\000r\000a\000m\000e\000\040\000e\000n\000r\000i\000c\000h\000i}{section.2.6}% 74
\BOOKMARK [2][-]{subsection.2.6.7}{\376\377\000M\000o\000d\000u\000l\000e\000\040\000S\000h\000o\000t\000C\000o\000u\000n\000t\000e\000r\000\040\040\024\000\040\000D\000\351\000t\000e\000c\000t\000i\000o\000n\000\040\000e\000t\000\040\000c\000l\000a\000s\000s\000i\000f\000i\000c\000a\000t\000i\000o\000n\000\040\000d\000e\000s\000\040\000c\000o\000u\000p\000s}{section.2.6}% 75
\BOOKMARK [2][-]{subsection.2.6.8}{\376\377\000A\000u\000t\000o\000m\000a\000t\000e\000\040\000d\000e\000\040\000s\000c\000o\000r\000i\000n\000g\000\040\000\050\000P\000a\000d\000e\000l\000S\000c\000o\000r\000e\000r\000\051}{section.2.6}% 76
\BOOKMARK [2][-]{subsection.2.6.9}{\376\377\000V\000u\000e\000\040\000d\000'\000e\000n\000s\000e\000m\000b\000l\000e\000\040\000d\000u\000\040\000f\000l\000u\000x\000\040\000d\000e\000\040\000d\000o\000n\000n\000\351\000e\000s}{section.2.6}% 77
\BOOKMARK [1][-]{section.2.7}{\376\377\000V\000i\000s\000u\000a\000l\000i\000s\000a\000t\000i\000o\000n\000\040\000e\000t\000\040\000r\000e\000s\000t\000i\000t\000u\000t\000i\000o\000n\000\040\000d\000e\000s\000\040\000d\000o\000n\000n\000\351\000e\000s\000\040\000\340\000\040\000l\000'\000i\000n\000t\000e\000r\000f\000a\000c\000e\000\040\000u\000t\000i\000l\000i\000s\000a\000t\000e\000u\000r}{chapter.2}% 78
\BOOKMARK [2][-]{subsection.2.7.1}{\376\377\000I\000n\000t\000r\000o\000d\000u\000c\000t\000i\000o\000n}{section.2.7}% 79
\BOOKMARK [2][-]{subsection.2.7.2}{\376\377\000A\000r\000c\000h\000i\000t\000e\000c\000t\000u\000r\000e\000\040\000d\000e\000\040\000c\000o\000m\000m\000u\000n\000i\000c\000a\000t\000i\000o\000n\000\040\000D\000a\000t\000a\000A\000n\000a\000l\000y\000t\000i\000c\000s\000\040\000\040\000F\000r\000o\000n\000t\000e\000n\000d}{section.2.7}% 80
\BOOKMARK [2][-]{subsection.2.7.3}{\376\377\000A\000g\000r\000\351\000g\000a\000t\000i\000o\000n\000\040\000e\000t\000\040\000p\000r\000\351\000p\000a\000r\000a\000t\000i\000o\000n\000\040\000d\000e\000s\000\040\000d\000o\000n\000n\000\351\000e\000s\000\040\000c\000\364\000t\000\351\000\040\000b\000a\000c\000k\000e\000n\000d}{section.2.7}% 81
\BOOKMARK [2][-]{subsection.2.7.4}{\376\377\000C\000o\000m\000p\000o\000s\000a\000n\000t\000s\000\040\000d\000e\000\040\000v\000i\000s\000u\000a\000l\000i\000s\000a\000t\000i\000o\000n\000\040\000c\000\364\000t\000\351\000\040\000c\000l\000i\000e\000n\000t}{section.2.7}% 82
\BOOKMARK [1][-]{section.2.8}{\376\377\000C\000o\000n\000c\000l\000u\000s\000i\000o\000n}{chapter.2}% 83
\BOOKMARK [0][-]{chapter.3}{\376\377\000R\000\351\000a\000l\000i\000s\000a\000t\000i\000o\000n\000\040\000d\000e\000\040\000l\000'\000I\000n\000t\000e\000r\000f\000a\000c\000e\000\040\000S\000m\000a\000r\000t\000P\000l\000a\000y}{}% 84
\BOOKMARK [0][-]{section*.121}{\376\377\000R\000\351\000a\000l\000i\000s\000a\000t\000i\000o\000n\000\040\000d\000e\000\040\000l\000'\000I\000n\000t\000e\000r\000f\000a\000c\000e\000\040\000S\000m\000a\000r\000t\000P\000l\000a\000y}{}% 85
\BOOKMARK [1][-]{section.3.1}{\376\377\000I\000n\000t\000r\000o\000d\000u\000c\000t\000i\000o\000n}{section*.121}% 86
\BOOKMARK [1][-]{section.3.2}{\376\377\000O\000b\000j\000e\000c\000t\000i\000f\000s\000\040\000e\000t\000\040\000S\000p\000\351\000c\000i\000f\000i\000c\000a\000t\000i\000o\000n\000s\000\040\000F\000o\000n\000c\000t\000i\000o\000n\000n\000e\000l\000l\000e\000s}{section*.121}% 87
\BOOKMARK [1][-]{section.3.3}{\376\377\000C\000o\000n\000c\000e\000p\000t\000i\000o\000n}{section*.121}% 88
\BOOKMARK [2][-]{subsection.3.3.1}{\376\377\000D\000i\000a\000g\000r\000a\000m\000m\000e\000\040\000d\000e\000\040\000C\000a\000s\000\040\000d\000'\000U\000t\000i\000l\000i\000s\000a\000t\000i\000o\000n}{section.3.3}% 89
\BOOKMARK [2][-]{subsection.3.3.2}{\376\377\000D\000i\000a\000g\000r\000a\000m\000m\000e\000\040\000d\000e\000\040\000S\000\351\000q\000u\000e\000n\000c\000e\000s}{section.3.3}% 90
\BOOKMARK [1][-]{section.3.4}{\376\377\000C\000h\000o\000i\000x\000\040\000T\000e\000c\000h\000n\000o\000l\000o\000g\000i\000q\000u\000e\000s}{section*.121}% 91
\BOOKMARK [2][-]{subsection.3.4.1}{\376\377\000E\000n\000v\000i\000r\000o\000n\000n\000e\000m\000e\000n\000t\000\040\000M\000a\000t\000\351\000r\000i\000e\000l}{section.3.4}% 92
\BOOKMARK [2][-]{subsection.3.4.2}{\376\377\000O\000u\000t\000i\000l\000s\000\040\000e\000t\000\040\000T\000e\000c\000h\000n\000o\000l\000o\000g\000i\000e\000s\000\040\000U\000t\000i\000l\000i\000s\000\351\000s}{section.3.4}% 93
\BOOKMARK [1][-]{section.3.5}{\376\377\000I\000n\000t\000e\000r\000f\000a\000c\000e\000\040\000U\000t\000i\000l\000i\000s\000a\000t\000e\000u\000r\000\040\000S\000m\000a\000r\000t\000P\000l\000a\000y}{section*.121}% 94
\BOOKMARK [2][-]{subsection.3.5.1}{\376\377\000C\000h\000a\000r\000g\000e\000m\000e\000n\000t\000\040\000d\000e\000\040\000C\000o\000n\000t\000e\000n\000u\000\040\000M\000u\000l\000t\000i\000m\000\351\000d\000i\000a}{section.3.5}% 95
\BOOKMARK [2][-]{subsection.3.5.2}{\376\377\000P\000a\000n\000n\000e\000a\000u\000\040\000d\000e\000s\000\040\000P\000a\000r\000a\000m\000\350\000t\000r\000e\000s}{section.3.5}% 96
\BOOKMARK [2][-]{subsection.3.5.3}{\376\377\000D\000\351\000m\000a\000r\000r\000a\000g\000e\000\040\000d\000e\000\040\000l\000'\000A\000n\000a\000l\000y\000s\000e\000\040\000e\000t\000\040\000J\000o\000u\000r\000n\000a\000l\000\040\000d\000e\000\040\000M\000i\000s\000s\000i\000o\000n}{section.3.5}% 97
\BOOKMARK [2][-]{subsection.3.5.4}{\376\377\000A\000f\000f\000i\000c\000h\000a\000g\000e\000\040\000d\000e\000s\000\040\000R\000\351\000s\000u\000l\000t\000a\000t\000s\000\040\040\024\000\040\000T\000a\000b\000l\000e\000a\000u\000\040\000d\000e\000\040\000B\000o\000r\000d\000\040\000T\000a\000c\000t\000i\000q\000u\000e}{section.3.5}% 98
\BOOKMARK [1][-]{section.3.6}{\376\377\000W\000o\000r\000k\000f\000l\000o\000w\000\040\000U\000t\000i\000l\000i\000s\000a\000t\000e\000u\000r\000\040\000e\000t\000\040\000E\000x\000e\000m\000p\000l\000e\000s\000\040\000d\000'\000U\000t\000i\000l\000i\000s\000a\000t\000i\000o\000n}{section*.121}% 99
\BOOKMARK [1][-]{section.3.7}{\376\377\000C\000o\000n\000c\000l\000u\000s\000i\000o\000n}{section*.121}% 100
\BOOKMARK [0][-]{chapter*.135}{\376\377\000C\000o\000n\000c\000l\000u\000s\000i\000o\000n\000\040\000G\000\351\000n\000\351\000r\000a\000l\000e}{}% 101
